INFO - 2023-06-21 03:00:07 --> Session: Class initialized using 'CodeIgniter\Session\Handlers\FileHandler' driver.
INFO - 2023-06-21 03:00:07 --> Session: Class initialized using 'CodeIgniter\Session\Handlers\FileHandler' driver.
INFO - 2023-06-21 03:00:08 --> Session: Class initialized using 'CodeIgniter\Session\Handlers\FileHandler' driver.
INFO - 2023-06-21 03:00:13 --> Session: Class initialized using 'CodeIgniter\Session\Handlers\FileHandler' driver.
INFO - 2023-06-21 03:00:13 --> Session: Class initialized using 'CodeIgniter\Session\Handlers\FileHandler' driver.
INFO - 2023-06-21 03:00:14 --> Session: Class initialized using 'CodeIgniter\Session\Handlers\FileHandler' driver.
INFO - 2023-06-21 03:00:16 --> Session: Class initialized using 'CodeIgniter\Session\Handlers\FileHandler' driver.
INFO - 2023-06-21 03:00:16 --> Cart Class Initialized
INFO - 2023-06-21 03:00:16 --> Session: Class initialized using 'CodeIgniter\Session\Handlers\FileHandler' driver.
INFO - 2023-06-21 03:00:16 --> Session: Class initialized using 'CodeIgniter\Session\Handlers\FileHandler' driver.
INFO - 2023-06-21 03:00:17 --> Session: Class initialized using 'CodeIgniter\Session\Handlers\FileHandler' driver.
INFO - 2023-06-21 03:00:17 --> Cart Class Initialized
INFO - 2023-06-21 03:00:17 --> Session: Class initialized using 'CodeIgniter\Session\Handlers\FileHandler' driver.
INFO - 2023-06-21 03:00:18 --> Session: Class initialized using 'CodeIgniter\Session\Handlers\FileHandler' driver.
INFO - 2023-06-21 03:00:18 --> Session: Class initialized using 'CodeIgniter\Session\Handlers\FileHandler' driver.
INFO - 2023-06-21 03:00:19 --> Cart Class Initialized
INFO - 2023-06-21 03:00:19 --> Session: Class initialized using 'CodeIgniter\Session\Handlers\FileHandler' driver.
INFO - 2023-06-21 03:00:19 --> Cart Class Initialized
INFO - 2023-06-21 03:00:26 --> Session: Class initialized using 'CodeIgniter\Session\Handlers\FileHandler' driver.
INFO - 2023-06-21 03:00:26 --> Cart Class Initialized
INFO - 2023-06-21 03:00:26 --> Session: Class initialized using 'CodeIgniter\Session\Handlers\FileHandler' driver.
INFO - 2023-06-21 03:00:26 --> Cart Class Initialized
INFO - 2023-06-21 03:00:58 --> Session: Class initialized using 'CodeIgniter\Session\Handlers\FileHandler' driver.
INFO - 2023-06-21 03:00:58 --> Cart Class Initialized
INFO - 2023-06-21 03:00:58 --> Session: Class initialized using 'CodeIgniter\Session\Handlers\FileHandler' driver.
INFO - 2023-06-21 03:00:58 --> Cart Class Initialized
INFO - 2023-06-21 03:01:17 --> Session: Class initialized using 'CodeIgniter\Session\Handlers\FileHandler' driver.
INFO - 2023-06-21 03:01:17 --> Cart Class Initialized
INFO - 2023-06-21 03:01:17 --> Session: Class initialized using 'CodeIgniter\Session\Handlers\FileHandler' driver.
INFO - 2023-06-21 03:01:17 --> Cart Class Initialized
INFO - 2023-06-21 03:01:45 --> Session: Class initialized using 'CodeIgniter\Session\Handlers\FileHandler' driver.
INFO - 2023-06-21 03:01:45 --> Cart Class Initialized
INFO - 2023-06-21 03:01:46 --> Session: Class initialized using 'CodeIgniter\Session\Handlers\FileHandler' driver.
INFO - 2023-06-21 03:01:46 --> Cart Class Initialized
INFO - 2023-06-21 03:01:46 --> Session: Class initialized using 'CodeIgniter\Session\Handlers\FileHandler' driver.
INFO - 2023-06-21 03:01:46 --> Cart Class Initialized
INFO - 2023-06-21 03:01:47 --> Session: Class initialized using 'CodeIgniter\Session\Handlers\FileHandler' driver.
INFO - 2023-06-21 03:01:47 --> Cart Class Initialized
INFO - 2023-06-21 03:01:48 --> Session: Class initialized using 'CodeIgniter\Session\Handlers\FileHandler' driver.
INFO - 2023-06-21 03:01:48 --> Cart Class Initialized
CRITICAL - 2023-06-21 03:01:49 --> Invalid file: "pages/checkout_view.php"
in SYSTEMPATH\Exceptions\FrameworkException.php on line 33.
 1 SYSTEMPATH\View\View.php(201): CodeIgniter\Exceptions\FrameworkException::forInvalidFile('pages/checkout_view.php')
 2 SYSTEMPATH\Common.php(1184): CodeIgniter\View\View->render('pages/checkout_view', [], true)
 3 APPPATH\Controllers\TransaksiController.php(75): view('pages/checkout_view', [...])
 4 SYSTEMPATH\CodeIgniter.php(934): App\Controllers\TransaksiController->checkout()
 5 SYSTEMPATH\CodeIgniter.php(499): CodeIgniter\CodeIgniter->runController(Object(App\Controllers\TransaksiController))
 6 SYSTEMPATH\CodeIgniter.php(368): CodeIgniter\CodeIgniter->handleRequest(null, Object(Config\Cache), false)
 7 FCPATH\index.php(67): CodeIgniter\CodeIgniter->run()
INFO - 2023-06-21 03:01:50 --> Session: Class initialized using 'CodeIgniter\Session\Handlers\FileHandler' driver.
INFO - 2023-06-21 03:01:50 --> Cart Class Initialized
CRITICAL - 2023-06-21 03:01:51 --> Invalid file: "pages/checkout_view.php"
in SYSTEMPATH\Exceptions\FrameworkException.php on line 33.
 1 SYSTEMPATH\View\View.php(201): CodeIgniter\Exceptions\FrameworkException::forInvalidFile('pages/checkout_view.php')
 2 SYSTEMPATH\Common.php(1184): CodeIgniter\View\View->render('pages/checkout_view', [], true)
 3 APPPATH\Controllers\TransaksiController.php(75): view('pages/checkout_view', [...])
 4 SYSTEMPATH\CodeIgniter.php(934): App\Controllers\TransaksiController->checkout()
 5 SYSTEMPATH\CodeIgniter.php(499): CodeIgniter\CodeIgniter->runController(Object(App\Controllers\TransaksiController))
 6 SYSTEMPATH\CodeIgniter.php(368): CodeIgniter\CodeIgniter->handleRequest(null, Object(Config\Cache), false)
 7 FCPATH\index.php(67): CodeIgniter\CodeIgniter->run()
INFO - 2023-06-21 03:02:34 --> Session: Class initialized using 'CodeIgniter\Session\Handlers\FileHandler' driver.
INFO - 2023-06-21 03:02:34 --> Cart Class Initialized
INFO - 2023-06-21 03:02:36 --> Session: Class initialized using 'CodeIgniter\Session\Handlers\FileHandler' driver.
INFO - 2023-06-21 03:02:36 --> Cart Class Initialized
INFO - 2023-06-21 03:02:41 --> Session: Class initialized using 'CodeIgniter\Session\Handlers\FileHandler' driver.
INFO - 2023-06-21 03:02:41 --> Cart Class Initialized
INFO - 2023-06-21 03:02:44 --> Session: Class initialized using 'CodeIgniter\Session\Handlers\FileHandler' driver.
INFO - 2023-06-21 03:02:44 --> Cart Class Initialized
INFO - 2023-06-21 03:02:49 --> Session: Class initialized using 'CodeIgniter\Session\Handlers\FileHandler' driver.
INFO - 2023-06-21 03:02:49 --> Cart Class Initialized
INFO - 2023-06-21 03:02:49 --> Session: Class initialized using 'CodeIgniter\Session\Handlers\FileHandler' driver.
INFO - 2023-06-21 03:02:49 --> Cart Class Initialized
INFO - 2023-06-21 03:02:49 --> Session: Class initialized using 'CodeIgniter\Session\Handlers\FileHandler' driver.
INFO - 2023-06-21 03:02:49 --> Cart Class Initialized
